<?xml version="1.0" encoding="UTF-8" ?>
<testsuite failures="0" time="634.929" errors="0" skipped="0" tests="27" name="org.irods.jargon.hive.external.indexer.unittest.AllTests">
  <properties>
    <property name="java.runtime.name" value="Java(TM) SE Runtime Environment"/>
    <property name="sun.boot.library.path" value="/System/Library/Java/JavaVirtualMachines/1.6.0.jdk/Contents/Libraries"/>
    <property name="java.vm.version" value="20.12-b01-434"/>
    <property name="awt.nativeDoubleBuffering" value="true"/>
    <property name="gopherProxySet" value="false"/>
    <property name="mrj.build" value="11M3909"/>
    <property name="java.vm.vendor" value="Apple Inc."/>
    <property name="java.vendor.url" value="http://www.apple.com/"/>
    <property name="path.separator" value=":"/>
    <property name="java.vm.name" value="Java HotSpot(TM) 64-Bit Server VM"/>
    <property name="file.encoding.pkg" value="sun.io"/>
    <property name="user.country" value="US"/>
    <property name="sun.java.launcher" value="SUN_STANDARD"/>
    <property name="sun.os.patch.level" value="unknown"/>
    <property name="java.vm.specification.name" value="Java Virtual Machine Specification"/>
    <property name="user.dir" value="/Users/mikeconway/projects/hive/irodshive/hive-master/jargon-hive-3store-integration"/>
    <property name="java.runtime.version" value="1.6.0_37-b06-434-11M3909"/>
    <property name="java.awt.graphicsenv" value="apple.awt.CGraphicsEnvironment"/>
    <property name="basedir" value="/Users/mikeconway/projects/hive/irodshive/hive-master/jargon-hive-3store-integration"/>
    <property name="java.endorsed.dirs" value="/System/Library/Java/JavaVirtualMachines/1.6.0.jdk/Contents/Home/lib/endorsed"/>
    <property name="os.arch" value="x86_64"/>
    <property name="surefire.real.class.path" value="/var/folders/_f/hdswt3zx31nb6ztnx7zhqg1h0000gn/T/surefirebooter7146402285049168008.jar"/>
    <property name="java.io.tmpdir" value="/var/folders/_f/hdswt3zx31nb6ztnx7zhqg1h0000gn/T/"/>
    <property name="line.separator" value="
"/>
    <property name="java.vm.specification.vendor" value="Sun Microsystems Inc."/>
    <property name="os.name" value="Mac OS X"/>
    <property name="sun.jnu.encoding" value="MacRoman"/>
    <property name="java.library.path" value=".:/Users/mikeconway/Library/Java/Extensions:/Library/Java/Extensions:/System/Library/Java/Extensions:/usr/lib/java"/>
    <property name="surefire.test.class.path" value="/Users/mikeconway/projects/hive/irodshive/hive-master/jargon-hive-3store-integration/target/test-classes:/Users/mikeconway/projects/hive/irodshive/hive-master/jargon-hive-3store-integration/target/classes:/Users/mikeconway/.m2/repository/junit/junit/4.8.2/junit-4.8.2.jar:/Users/mikeconway/.m2/repository/org/irods/jargon/jargon-core/3.3.2-SNAPSHOT/jargon-core-3.3.2-SNAPSHOT.jar:/Users/mikeconway/.m2/repository/commons-logging/commons-logging/1.1.1/commons-logging-1.1.1.jar:/Users/mikeconway/.m2/repository/commons-io/commons-io/1.3.1/commons-io-1.3.1.jar:/Users/mikeconway/.m2/repository/org/apache/commons/commons-exec/1.0.1/commons-exec-1.0.1.jar:/Users/mikeconway/.m2/repository/commons-codec/commons-codec/1.4/commons-codec-1.4.jar:/Users/mikeconway/.m2/repository/com/claymoresystems/puretls/1.1/puretls-1.1.jar:/Users/mikeconway/.m2/repository/org/globus/jglobus/cog-jglobus/1.8.0/cog-jglobus-1.8.0.jar:/Users/mikeconway/.m2/repository/org/slf4j/slf4j-api/1.5.10/slf4j-api-1.5.10.jar:/Users/mikeconway/.m2/repository/org/slf4j/slf4j-log4j12/1.5.10/slf4j-log4j12-1.5.10.jar:/Users/mikeconway/.m2/repository/org/perf4j/perf4j/0.9.13/perf4j-0.9.13.jar:/Users/mikeconway/.m2/repository/log4j/log4j/1.2.16/log4j-1.2.16.jar:/Users/mikeconway/.m2/repository/org/irods/jargon/jargon-hive-irods/1.0-SNAPSHOT/jargon-hive-irods-1.0-SNAPSHOT.jar:/Users/mikeconway/.m2/repository/org/irods/jargon/jargon-user-tagging/3.3.2-SNAPSHOT/jargon-user-tagging-3.3.2-SNAPSHOT.jar:/Users/mikeconway/.m2/repository/org/irods/jargon/jargon-data-utils/3.3.2-SNAPSHOT/jargon-data-utils-3.3.2-SNAPSHOT.jar:/Users/mikeconway/.m2/repository/commons-pool/commons-pool/1.5.5/commons-pool-1.5.5.jar:/Users/mikeconway/.m2/repository/org/apache/jena/jena-sdb/1.3.5/jena-sdb-1.3.5.jar:/Users/mikeconway/.m2/repository/org/apache/jena/jena-core/2.7.3/jena-core-2.7.3.jar:/Users/mikeconway/.m2/repository/org/apache/jena/jena-iri/0.9.3/jena-iri-0.9.3.jar:/Users/mikeconway/.m2/repository/xerces/xercesImpl/2.10.0/xercesImpl-2.10.0.jar:/Users/mikeconway/.m2/repository/xml-apis/xml-apis/1.4.01/xml-apis-1.4.01.jar:/Users/mikeconway/.m2/repository/org/apache/jena/jena-arq/2.9.3/jena-arq-2.9.3.jar:/Users/mikeconway/.m2/repository/org/apache/httpcomponents/httpclient/4.1.1/httpclient-4.1.1.jar:/Users/mikeconway/.m2/repository/org/apache/httpcomponents/httpcore/4.1.3/httpcore-4.1.3.jar:/Users/mikeconway/.m2/repository/org/mockito/mockito-all/1.8.1/mockito-all-1.8.1.jar:/Users/mikeconway/.m2/repository/org/apache/derby/derby/10.6.1.0/derby-10.6.1.0.jar:/Users/mikeconway/.m2/repository/commons-lang/commons-lang/2.5/commons-lang-2.5.jar:"/>
    <property name="java.specification.name" value="Java Platform API Specification"/>
    <property name="java.class.version" value="50.0"/>
    <property name="sun.management.compiler" value="HotSpot 64-Bit Tiered Compilers"/>
    <property name="os.version" value="10.8.2"/>
    <property name="http.nonProxyHosts" value="local|*.local|169.254/16|*.169.254/16"/>
    <property name="user.home" value="/Users/mikeconway"/>
    <property name="user.timezone" value="America/New_York"/>
    <property name="java.awt.printerjob" value="apple.awt.CPrinterJob"/>
    <property name="java.specification.version" value="1.6"/>
    <property name="file.encoding" value="MacRoman"/>
    <property name="user.name" value="mikeconway"/>
    <property name="java.class.path" value="/Users/mikeconway/projects/hive/irodshive/hive-master/jargon-hive-3store-integration/target/test-classes:/Users/mikeconway/projects/hive/irodshive/hive-master/jargon-hive-3store-integration/target/classes:/Users/mikeconway/.m2/repository/junit/junit/4.8.2/junit-4.8.2.jar:/Users/mikeconway/.m2/repository/org/irods/jargon/jargon-core/3.3.2-SNAPSHOT/jargon-core-3.3.2-SNAPSHOT.jar:/Users/mikeconway/.m2/repository/commons-logging/commons-logging/1.1.1/commons-logging-1.1.1.jar:/Users/mikeconway/.m2/repository/commons-io/commons-io/1.3.1/commons-io-1.3.1.jar:/Users/mikeconway/.m2/repository/org/apache/commons/commons-exec/1.0.1/commons-exec-1.0.1.jar:/Users/mikeconway/.m2/repository/commons-codec/commons-codec/1.4/commons-codec-1.4.jar:/Users/mikeconway/.m2/repository/com/claymoresystems/puretls/1.1/puretls-1.1.jar:/Users/mikeconway/.m2/repository/org/globus/jglobus/cog-jglobus/1.8.0/cog-jglobus-1.8.0.jar:/Users/mikeconway/.m2/repository/org/slf4j/slf4j-api/1.5.10/slf4j-api-1.5.10.jar:/Users/mikeconway/.m2/repository/org/slf4j/slf4j-log4j12/1.5.10/slf4j-log4j12-1.5.10.jar:/Users/mikeconway/.m2/repository/org/perf4j/perf4j/0.9.13/perf4j-0.9.13.jar:/Users/mikeconway/.m2/repository/log4j/log4j/1.2.16/log4j-1.2.16.jar:/Users/mikeconway/.m2/repository/org/irods/jargon/jargon-hive-irods/1.0-SNAPSHOT/jargon-hive-irods-1.0-SNAPSHOT.jar:/Users/mikeconway/.m2/repository/org/irods/jargon/jargon-user-tagging/3.3.2-SNAPSHOT/jargon-user-tagging-3.3.2-SNAPSHOT.jar:/Users/mikeconway/.m2/repository/org/irods/jargon/jargon-data-utils/3.3.2-SNAPSHOT/jargon-data-utils-3.3.2-SNAPSHOT.jar:/Users/mikeconway/.m2/repository/commons-pool/commons-pool/1.5.5/commons-pool-1.5.5.jar:/Users/mikeconway/.m2/repository/org/apache/jena/jena-sdb/1.3.5/jena-sdb-1.3.5.jar:/Users/mikeconway/.m2/repository/org/apache/jena/jena-core/2.7.3/jena-core-2.7.3.jar:/Users/mikeconway/.m2/repository/org/apache/jena/jena-iri/0.9.3/jena-iri-0.9.3.jar:/Users/mikeconway/.m2/repository/xerces/xercesImpl/2.10.0/xercesImpl-2.10.0.jar:/Users/mikeconway/.m2/repository/xml-apis/xml-apis/1.4.01/xml-apis-1.4.01.jar:/Users/mikeconway/.m2/repository/org/apache/jena/jena-arq/2.9.3/jena-arq-2.9.3.jar:/Users/mikeconway/.m2/repository/org/apache/httpcomponents/httpclient/4.1.1/httpclient-4.1.1.jar:/Users/mikeconway/.m2/repository/org/apache/httpcomponents/httpcore/4.1.3/httpcore-4.1.3.jar:/Users/mikeconway/.m2/repository/org/mockito/mockito-all/1.8.1/mockito-all-1.8.1.jar:/Users/mikeconway/.m2/repository/org/apache/derby/derby/10.6.1.0/derby-10.6.1.0.jar:/Users/mikeconway/.m2/repository/commons-lang/commons-lang/2.5/commons-lang-2.5.jar:"/>
    <property name="java.vm.specification.version" value="1.0"/>
    <property name="sun.arch.data.model" value="64"/>
    <property name="java.home" value="/System/Library/Java/JavaVirtualMachines/1.6.0.jdk/Contents/Home"/>
    <property name="sun.java.command" value="/var/folders/_f/hdswt3zx31nb6ztnx7zhqg1h0000gn/T/surefirebooter7146402285049168008.jar /var/folders/_f/hdswt3zx31nb6ztnx7zhqg1h0000gn/T/surefire771576816480038106tmp /var/folders/_f/hdswt3zx31nb6ztnx7zhqg1h0000gn/T/surefire7359594329878592872tmp"/>
    <property name="java.specification.vendor" value="Sun Microsystems Inc."/>
    <property name="user.language" value="en"/>
    <property name="awt.toolkit" value="apple.awt.CToolkit"/>
    <property name="java.vm.info" value="mixed mode"/>
    <property name="java.version" value="1.6.0_37"/>
    <property name="java.ext.dirs" value="/Users/mikeconway/Library/Java/Extensions:/Library/Java/Extensions:/System/Library/Java/Extensions:/System/Library/Java/JavaVirtualMachines/1.6.0.jdk/Contents/Home/lib/ext"/>
    <property name="sun.boot.class.path" value="/System/Library/Java/JavaVirtualMachines/1.6.0.jdk/Contents/Classes/jsfd.jar:/System/Library/Java/JavaVirtualMachines/1.6.0.jdk/Contents/Classes/classes.jar:/System/Library/Frameworks/JavaVM.framework/Frameworks/JavaRuntimeSupport.framework/Resources/Java/JavaRuntimeSupport.jar:/System/Library/Java/JavaVirtualMachines/1.6.0.jdk/Contents/Classes/ui.jar:/System/Library/Java/JavaVirtualMachines/1.6.0.jdk/Contents/Classes/laf.jar:/System/Library/Java/JavaVirtualMachines/1.6.0.jdk/Contents/Classes/sunrsasign.jar:/System/Library/Java/JavaVirtualMachines/1.6.0.jdk/Contents/Classes/jsse.jar:/System/Library/Java/JavaVirtualMachines/1.6.0.jdk/Contents/Classes/jce.jar:/System/Library/Java/JavaVirtualMachines/1.6.0.jdk/Contents/Classes/charsets.jar"/>
    <property name="java.vendor" value="Apple Inc."/>
    <property name="localRepository" value="/Users/mikeconway/.m2/repository"/>
    <property name="file.separator" value="/"/>
    <property name="java.vendor.url.bug" value="http://bugreport.apple.com/"/>
    <property name="sun.cpu.endian" value="little"/>
    <property name="sun.io.unicode.encoding" value="UnicodeLittle"/>
    <property name="mrj.version" value="1070.1.6.0_37-434"/>
    <property name="socksNonProxyHosts" value="local|*.local|169.254/16|*.169.254/16"/>
    <property name="ftp.nonProxyHosts" value="local|*.local|169.254/16|*.169.254/16"/>
    <property name="sun.cpu.isalist" value=""/>
  </properties>
  <testcase time="7.859" classname="org.irods.jargon.hive.external.indexer.JenaHiveIndexerVisitorTest" name="testInvokeWithMetadata"/>
  <testcase time="4.577" classname="org.irods.jargon.hive.external.indexer.JenaHiveIndexerVisitorTest" name="testInvokeNullMetadata"/>
  <testcase time="4.211" classname="org.irods.jargon.hive.external.indexer.JenaHiveIndexerVisitorTest" name="testInvokeNullInvoker"/>
  <testcase time="0.191" classname="org.irods.jargon.hive.external.indexer.JenaHiveIndexerInvokerTest" name="testOnePageCollsOnePageDataObjects"/>
  <testcase time="0.006" classname="org.irods.jargon.hive.external.indexer.JenaHiveIndexerInvokerTest" name="testTwoPageCollsOnePageDataObjects"/>
  <testcase time="0.018" classname="org.irods.jargon.hive.external.indexer.JenaHiveIndexerInvokerTest" name="testTwoPageCollsThreePageDataObjects"/>
  <testcase time="0.004" classname="org.irods.jargon.hive.external.indexer.JenaHiveIndexerInvokerTest" name="testOnePageCollsNoDataObjects"/>
  <testcase time="0.005" classname="org.irods.jargon.hive.external.indexer.JenaHiveIndexerInvokerTest" name="testNoCollsOnePageDataObjects"/>
  <testcase time="0.004" classname="org.irods.jargon.hive.external.indexer.JenaHiveIndexerInvokerTest" name="testNoCollsNoDataObjects"/>
  <testcase time="37.52" classname="org.irods.jargon.hive.external.indexer.JenaHiveIndexerServiceImplTest" name="testExecute"/>
  <testcase time="0.081" classname="org.irods.jargon.hive.external.sparql.JenaHiveSPARQLServiceImplTest" name="testInit"/>
  <testcase time="0" classname="org.irods.jargon.hive.external.sparql.JenaHiveSPARQLServiceImplTest" name="testInitNullConfig"/>
  <testcase time="0" classname="org.irods.jargon.hive.external.sparql.JenaHiveSPARQLServiceImplTest" name="testInitEmptyConfig"/>
  <testcase time="0.15" classname="org.irods.jargon.hive.external.sparql.JenaHiveSPARQLServiceImplTest" name="testQuery"/>
  <testcase time="0.018" classname="org.irods.jargon.hive.external.sparql.JenaHiveSPARQLServiceImplTest" name="testBogusQuery"/>
  <testcase time="0.014" classname="org.irods.jargon.hive.external.sparql.JenaHiveSPARQLServiceImplTest" name="testNullQuery"/>
  <testcase time="0.914" classname="org.irods.jargon.hive.external.sparql.JenaHiveSPARQLServiceImplTest" name="testQueryReturnJSON"/>
  <testcase time="0.061" classname="org.irods.jargon.hive.external.utils.template.SPARQLTemplateUtilsTest" name="testGetSPARQLTemplateAndSubstituteValues"/>
  <testcase time="0.045" classname="org.irods.jargon.hive.external.utils.template.SPARQLTemplateUtilsTest" name="testGetSPARQLTemplateAndSubstituteValuesNoFile"/>
  <testcase time="0" classname="org.irods.jargon.hive.external.utils.template.SPARQLTemplateUtilsTest" name="testGetSPARQLTemplateAndSubstituteValuesNullFile"/>
  <testcase time="0" classname="org.irods.jargon.hive.external.utils.template.SPARQLTemplateUtilsTest" name="testGetSPARQLTemplateAndSubstituteValuesNullValues"/>
  <testcase time="0.019" classname="org.irods.jargon.hive.external.utils.template.SPARQLTemplateUtilsTest" name="testGetRawSPARQLTemplate"/>
  <testcase time="0.001" classname="org.irods.jargon.hive.external.utils.template.SPARQLTemplateUtilsTest" name="testGetRawSPARQLTemplateNoFile"/>
  <testcase time="0" classname="org.irods.jargon.hive.external.utils.template.SPARQLTemplateUtilsTest" name="testGetRawSPARQLTemplateNull"/>
  <testcase time="0" classname="org.irods.jargon.hive.external.utils.template.SPARQLTemplateUtilsTest" name="testGetRawSPARQLTemplateBlank"/>
  <testcase time="0.978" classname="org.irods.jargon.hive.external.query.JargonHiveQueryServiceImplTest" name="testQueryForUri"/>
  <testcase time="0.649" classname="org.irods.jargon.hive.external.query.JargonHiveQueryServiceImplTest" name="testQueryForRelatedUri"/>
</testsuite>