<?xml version="1.0" encoding="UTF-8" ?>
<testsuite failures="0" time="3.469" errors="0" skipped="0" tests="21" name="org.irods.jargon.hive.irods.unittest.AllTests">
  <properties>
    <property name="java.runtime.name" value="Java(TM) SE Runtime Environment"/>
    <property name="sun.boot.library.path" value="/System/Library/Java/JavaVirtualMachines/1.6.0.jdk/Contents/Libraries"/>
    <property name="java.vm.version" value="20.12-b01-434"/>
    <property name="awt.nativeDoubleBuffering" value="true"/>
    <property name="gopherProxySet" value="false"/>
    <property name="mrj.build" value="11M3909"/>
    <property name="java.vm.vendor" value="Apple Inc."/>
    <property name="java.vendor.url" value="http://www.apple.com/"/>
    <property name="path.separator" value=":"/>
    <property name="java.vm.name" value="Java HotSpot(TM) 64-Bit Server VM"/>
    <property name="file.encoding.pkg" value="sun.io"/>
    <property name="user.country" value="US"/>
    <property name="sun.java.launcher" value="SUN_STANDARD"/>
    <property name="sun.os.patch.level" value="unknown"/>
    <property name="java.vm.specification.name" value="Java Virtual Machine Specification"/>
    <property name="user.dir" value="/Users/mikeconway/projects/hive/irodshive/hive-master/jargon-hive-irods"/>
    <property name="java.runtime.version" value="1.6.0_37-b06-434-11M3909"/>
    <property name="java.awt.graphicsenv" value="apple.awt.CGraphicsEnvironment"/>
    <property name="basedir" value="/Users/mikeconway/projects/hive/irodshive/hive-master/jargon-hive-irods"/>
    <property name="java.endorsed.dirs" value="/System/Library/Java/JavaVirtualMachines/1.6.0.jdk/Contents/Home/lib/endorsed"/>
    <property name="os.arch" value="x86_64"/>
    <property name="surefire.real.class.path" value="/var/folders/_f/hdswt3zx31nb6ztnx7zhqg1h0000gn/T/surefirebooter9048966010220401715.jar"/>
    <property name="java.io.tmpdir" value="/var/folders/_f/hdswt3zx31nb6ztnx7zhqg1h0000gn/T/"/>
    <property name="line.separator" value="
"/>
    <property name="java.vm.specification.vendor" value="Sun Microsystems Inc."/>
    <property name="os.name" value="Mac OS X"/>
    <property name="sun.jnu.encoding" value="MacRoman"/>
    <property name="java.library.path" value=".:/Users/mikeconway/Library/Java/Extensions:/Library/Java/Extensions:/System/Library/Java/Extensions:/usr/lib/java"/>
    <property name="surefire.test.class.path" value="/Users/mikeconway/projects/hive/irodshive/hive-master/jargon-hive-irods/target/test-classes:/Users/mikeconway/projects/hive/irodshive/hive-master/jargon-hive-irods/target/classes:/Users/mikeconway/.m2/repository/junit/junit/4.8.2/junit-4.8.2.jar:/Users/mikeconway/.m2/repository/org/irods/jargon/jargon-core/3.3.2-SNAPSHOT/jargon-core-3.3.2-SNAPSHOT.jar:/Users/mikeconway/.m2/repository/commons-logging/commons-logging/1.1.1/commons-logging-1.1.1.jar:/Users/mikeconway/.m2/repository/commons-io/commons-io/1.3.1/commons-io-1.3.1.jar:/Users/mikeconway/.m2/repository/org/apache/commons/commons-exec/1.0.1/commons-exec-1.0.1.jar:/Users/mikeconway/.m2/repository/commons-codec/commons-codec/1.4/commons-codec-1.4.jar:/Users/mikeconway/.m2/repository/com/claymoresystems/puretls/1.1/puretls-1.1.jar:/Users/mikeconway/.m2/repository/org/globus/jglobus/cog-jglobus/1.8.0/cog-jglobus-1.8.0.jar:/Users/mikeconway/.m2/repository/org/slf4j/slf4j-api/1.5.10/slf4j-api-1.5.10.jar:/Users/mikeconway/.m2/repository/org/slf4j/slf4j-log4j12/1.5.10/slf4j-log4j12-1.5.10.jar:/Users/mikeconway/.m2/repository/org/perf4j/perf4j/0.9.13/perf4j-0.9.13.jar:/Users/mikeconway/.m2/repository/log4j/log4j/1.2.16/log4j-1.2.16.jar:/Users/mikeconway/.m2/repository/org/irods/jargon/jargon-user-tagging/3.3.2-SNAPSHOT/jargon-user-tagging-3.3.2-SNAPSHOT.jar:"/>
    <property name="java.specification.name" value="Java Platform API Specification"/>
    <property name="java.class.version" value="50.0"/>
    <property name="sun.management.compiler" value="HotSpot 64-Bit Tiered Compilers"/>
    <property name="os.version" value="10.8.2"/>
    <property name="http.nonProxyHosts" value="local|*.local|169.254/16|*.169.254/16"/>
    <property name="user.home" value="/Users/mikeconway"/>
    <property name="user.timezone" value="America/New_York"/>
    <property name="java.awt.printerjob" value="apple.awt.CPrinterJob"/>
    <property name="java.specification.version" value="1.6"/>
    <property name="file.encoding" value="MacRoman"/>
    <property name="user.name" value="mikeconway"/>
    <property name="java.class.path" value="/Users/mikeconway/projects/hive/irodshive/hive-master/jargon-hive-irods/target/test-classes:/Users/mikeconway/projects/hive/irodshive/hive-master/jargon-hive-irods/target/classes:/Users/mikeconway/.m2/repository/junit/junit/4.8.2/junit-4.8.2.jar:/Users/mikeconway/.m2/repository/org/irods/jargon/jargon-core/3.3.2-SNAPSHOT/jargon-core-3.3.2-SNAPSHOT.jar:/Users/mikeconway/.m2/repository/commons-logging/commons-logging/1.1.1/commons-logging-1.1.1.jar:/Users/mikeconway/.m2/repository/commons-io/commons-io/1.3.1/commons-io-1.3.1.jar:/Users/mikeconway/.m2/repository/org/apache/commons/commons-exec/1.0.1/commons-exec-1.0.1.jar:/Users/mikeconway/.m2/repository/commons-codec/commons-codec/1.4/commons-codec-1.4.jar:/Users/mikeconway/.m2/repository/com/claymoresystems/puretls/1.1/puretls-1.1.jar:/Users/mikeconway/.m2/repository/org/globus/jglobus/cog-jglobus/1.8.0/cog-jglobus-1.8.0.jar:/Users/mikeconway/.m2/repository/org/slf4j/slf4j-api/1.5.10/slf4j-api-1.5.10.jar:/Users/mikeconway/.m2/repository/org/slf4j/slf4j-log4j12/1.5.10/slf4j-log4j12-1.5.10.jar:/Users/mikeconway/.m2/repository/org/perf4j/perf4j/0.9.13/perf4j-0.9.13.jar:/Users/mikeconway/.m2/repository/log4j/log4j/1.2.16/log4j-1.2.16.jar:/Users/mikeconway/.m2/repository/org/irods/jargon/jargon-user-tagging/3.3.2-SNAPSHOT/jargon-user-tagging-3.3.2-SNAPSHOT.jar:"/>
    <property name="java.vm.specification.version" value="1.0"/>
    <property name="sun.arch.data.model" value="64"/>
    <property name="java.home" value="/System/Library/Java/JavaVirtualMachines/1.6.0.jdk/Contents/Home"/>
    <property name="sun.java.command" value="/var/folders/_f/hdswt3zx31nb6ztnx7zhqg1h0000gn/T/surefirebooter9048966010220401715.jar /var/folders/_f/hdswt3zx31nb6ztnx7zhqg1h0000gn/T/surefire7174433271946258716tmp /var/folders/_f/hdswt3zx31nb6ztnx7zhqg1h0000gn/T/surefire405373774321252515tmp"/>
    <property name="java.specification.vendor" value="Sun Microsystems Inc."/>
    <property name="user.language" value="en"/>
    <property name="awt.toolkit" value="apple.awt.CToolkit"/>
    <property name="java.vm.info" value="mixed mode"/>
    <property name="java.version" value="1.6.0_37"/>
    <property name="java.ext.dirs" value="/Users/mikeconway/Library/Java/Extensions:/Library/Java/Extensions:/System/Library/Java/Extensions:/System/Library/Java/JavaVirtualMachines/1.6.0.jdk/Contents/Home/lib/ext"/>
    <property name="sun.boot.class.path" value="/System/Library/Java/JavaVirtualMachines/1.6.0.jdk/Contents/Classes/jsfd.jar:/System/Library/Java/JavaVirtualMachines/1.6.0.jdk/Contents/Classes/classes.jar:/System/Library/Frameworks/JavaVM.framework/Frameworks/JavaRuntimeSupport.framework/Resources/Java/JavaRuntimeSupport.jar:/System/Library/Java/JavaVirtualMachines/1.6.0.jdk/Contents/Classes/ui.jar:/System/Library/Java/JavaVirtualMachines/1.6.0.jdk/Contents/Classes/laf.jar:/System/Library/Java/JavaVirtualMachines/1.6.0.jdk/Contents/Classes/sunrsasign.jar:/System/Library/Java/JavaVirtualMachines/1.6.0.jdk/Contents/Classes/jsse.jar:/System/Library/Java/JavaVirtualMachines/1.6.0.jdk/Contents/Classes/jce.jar:/System/Library/Java/JavaVirtualMachines/1.6.0.jdk/Contents/Classes/charsets.jar"/>
    <property name="java.vendor" value="Apple Inc."/>
    <property name="localRepository" value="/Users/mikeconway/.m2/repository"/>
    <property name="file.separator" value="/"/>
    <property name="java.vendor.url.bug" value="http://bugreport.apple.com/"/>
    <property name="sun.cpu.endian" value="little"/>
    <property name="sun.io.unicode.encoding" value="UnicodeLittle"/>
    <property name="mrj.version" value="1070.1.6.0_37-434"/>
    <property name="socksNonProxyHosts" value="local|*.local|169.254/16|*.169.254/16"/>
    <property name="ftp.nonProxyHosts" value="local|*.local|169.254/16|*.169.254/16"/>
    <property name="sun.cpu.isalist" value=""/>
  </properties>
  <testcase time="0.38" classname="org.irods.jargon.hive.irods.IRODSHiveServiceImplTest" name="testSaveOrUpdateVocabularyTerm"/>
  <testcase time="0.106" classname="org.irods.jargon.hive.irods.IRODSHiveServiceImplTest" name="testSaveOrUpdateVocabularyTermCollectionModifyURI"/>
  <testcase time="0.004" classname="org.irods.jargon.hive.irods.IRODSHiveServiceImplTest" name="testSaveOrUpdateVocabularyTermMissingCollection"/>
  <testcase time="0.123" classname="org.irods.jargon.hive.irods.IRODSHiveServiceImplTest" name="testSaveOrUpdateVocabularyTermDataObject"/>
  <testcase time="0.191" classname="org.irods.jargon.hive.irods.IRODSHiveServiceImplTest" name="testSaveOrUpdateVocabularyTermDataObjectAsModify"/>
  <testcase time="0.073" classname="org.irods.jargon.hive.irods.IRODSHiveServiceImplTest" name="testSaveOrUpdateVocabularyTermDataObjectSayItsACollection"/>
  <testcase time="0.001" classname="org.irods.jargon.hive.irods.IRODSHiveServiceImplTest" name="testValidateHiveVocabularyEntry"/>
  <testcase time="0.001" classname="org.irods.jargon.hive.irods.IRODSHiveServiceImplTest" name="testValidateHiveVocabularyEntryNullEntry"/>
  <testcase time="0.001" classname="org.irods.jargon.hive.irods.IRODSHiveServiceImplTest" name="testValidateHiveVocabularyEntryNullVocab"/>
  <testcase time="0.001" classname="org.irods.jargon.hive.irods.IRODSHiveServiceImplTest" name="testValidateHiveVocabularyEntryBlankVocab"/>
  <testcase time="0" classname="org.irods.jargon.hive.irods.IRODSHiveServiceImplTest" name="testValidateHiveVocabularyEntryNullName"/>
  <testcase time="0" classname="org.irods.jargon.hive.irods.IRODSHiveServiceImplTest" name="testValidateHiveVocabularyEntryBlankName"/>
  <testcase time="0" classname="org.irods.jargon.hive.irods.IRODSHiveServiceImplTest" name="testValidateHiveVocabularyEntryNullDomain"/>
  <testcase time="0" classname="org.irods.jargon.hive.irods.IRODSHiveServiceImplTest" name="testValidateHiveVocabularyEntryNullLabel"/>
  <testcase time="0" classname="org.irods.jargon.hive.irods.IRODSHiveServiceImplTest" name="testValidateHiveVocabularyEntryBlankLabel"/>
  <testcase time="0.001" classname="org.irods.jargon.hive.irods.IRODSHiveServiceImplTest" name="testValidateHiveVocabularyEntryNullURI"/>
  <testcase time="0" classname="org.irods.jargon.hive.irods.IRODSHiveServiceImplTest" name="testValidateHiveVocabularyEntryBlankURI"/>
  <testcase time="0.135" classname="org.irods.jargon.hive.irods.IRODSHiveServiceImplTest" name="testListVocabularyTermsForIRODSAbsolutePathCollection"/>
  <testcase time="0.129" classname="org.irods.jargon.hive.irods.IRODSHiveServiceImplTest" name="testListVocabularyTermsForIRODSAbsolutePathDataObject"/>
  <testcase time="0.096" classname="org.irods.jargon.hive.irods.IRODSHiveServiceImplTest" name="testDeleteVocabularyTermCollection"/>
  <testcase time="0.121" classname="org.irods.jargon.hive.irods.IRODSHiveServiceImplTest" name="testDeleteVocabularyTermDataObject"/>
</testsuite>