<?xml version="1.0" encoding="UTF-8" ?>
<testsuite failures="0" time="5.375" errors="0" skipped="0" tests="21" name="org.irods.jargon.hive.irods.unittest.AllTests">
  <properties>
    <property name="java.runtime.name" value="Java(TM) SE Runtime Environment"/>
    <property name="sun.boot.library.path" value="/System/Library/Java/JavaVirtualMachines/1.6.0.jdk/Contents/Libraries"/>
    <property name="java.vm.version" value="20.12-b01-434"/>
    <property name="awt.nativeDoubleBuffering" value="true"/>
    <property name="gopherProxySet" value="false"/>
    <property name="mrj.build" value="11M3909"/>
    <property name="java.vm.vendor" value="Apple Inc."/>
    <property name="java.vendor.url" value="http://www.apple.com/"/>
    <property name="path.separator" value=":"/>
    <property name="java.vm.name" value="Java HotSpot(TM) 64-Bit Server VM"/>
    <property name="file.encoding.pkg" value="sun.io"/>
    <property name="user.country" value="US"/>
    <property name="sun.java.launcher" value="SUN_STANDARD"/>
    <property name="sun.os.patch.level" value="unknown"/>
    <property name="java.vm.specification.name" value="Java Virtual Machine Specification"/>
    <property name="user.dir" value="/Users/mikeconway/projects/hive/irodshive/hive-master/jargon-hive-irods"/>
    <property name="java.runtime.version" value="1.6.0_37-b06-434-11M3909"/>
    <property name="java.awt.graphicsenv" value="apple.awt.CGraphicsEnvironment"/>
    <property name="basedir" value="/Users/mikeconway/projects/hive/irodshive/hive-master/jargon-hive-irods"/>
    <property name="java.endorsed.dirs" value="/System/Library/Java/JavaVirtualMachines/1.6.0.jdk/Contents/Home/lib/endorsed"/>
    <property name="os.arch" value="x86_64"/>
    <property name="surefire.real.class.path" value="/var/folders/_f/hdswt3zx31nb6ztnx7zhqg1h0000gn/T/surefirebooter4222293778857457774.jar"/>
    <property name="java.io.tmpdir" value="/var/folders/_f/hdswt3zx31nb6ztnx7zhqg1h0000gn/T/"/>
    <property name="line.separator" value="
"/>
    <property name="java.vm.specification.vendor" value="Sun Microsystems Inc."/>
    <property name="os.name" value="Mac OS X"/>
    <property name="sun.jnu.encoding" value="MacRoman"/>
    <property name="java.library.path" value=".:/Users/mikeconway/Library/Java/Extensions:/Library/Java/Extensions:/System/Library/Java/Extensions:/usr/lib/java"/>
    <property name="surefire.test.class.path" value="/Users/mikeconway/projects/hive/irodshive/hive-master/jargon-hive-irods/target/test-classes:/Users/mikeconway/projects/hive/irodshive/hive-master/jargon-hive-irods/target/classes:/Users/mikeconway/.m2/repository/junit/junit/4.8.2/junit-4.8.2.jar:/Users/mikeconway/.m2/repository/org/irods/jargon/jargon-core/3.3.2-SNAPSHOT/jargon-core-3.3.2-SNAPSHOT.jar:/Users/mikeconway/.m2/repository/commons-logging/commons-logging/1.1.1/commons-logging-1.1.1.jar:/Users/mikeconway/.m2/repository/commons-io/commons-io/1.3.1/commons-io-1.3.1.jar:/Users/mikeconway/.m2/repository/org/apache/commons/commons-exec/1.0.1/commons-exec-1.0.1.jar:/Users/mikeconway/.m2/repository/commons-codec/commons-codec/1.4/commons-codec-1.4.jar:/Users/mikeconway/.m2/repository/com/claymoresystems/puretls/1.1/puretls-1.1.jar:/Users/mikeconway/.m2/repository/org/globus/jglobus/cog-jglobus/1.8.0/cog-jglobus-1.8.0.jar:/Users/mikeconway/.m2/repository/org/slf4j/slf4j-api/1.5.10/slf4j-api-1.5.10.jar:/Users/mikeconway/.m2/repository/org/slf4j/slf4j-log4j12/1.5.10/slf4j-log4j12-1.5.10.jar:/Users/mikeconway/.m2/repository/org/perf4j/perf4j/0.9.13/perf4j-0.9.13.jar:/Users/mikeconway/.m2/repository/log4j/log4j/1.2.16/log4j-1.2.16.jar:/Users/mikeconway/.m2/repository/org/irods/jargon/jargon-user-tagging/3.3.2-SNAPSHOT/jargon-user-tagging-3.3.2-SNAPSHOT.jar:/Users/mikeconway/.m2/repository/org/irods/jargon/jargon-hive/1.0-SNAPSHOT/jargon-hive-1.0-SNAPSHOT.jar:/Users/mikeconway/.m2/repository/org/apache/tika/tika-core/0.7/tika-core-0.7.jar:/Users/mikeconway/.m2/repository/org/irods/jargon/jargon-data-utils/3.3.2-SNAPSHOT/jargon-data-utils-3.3.2-SNAPSHOT.jar:/Users/mikeconway/.m2/repository/org/irods/jargon/hive-core/1.0-SNAPSHOT/hive-core-1.0-SNAPSHOT.jar:/Users/mikeconway/.m2/repository/org/openrdf/sesame/sesame-sail-nativerdf/2.2.4/sesame-sail-nativerdf-2.2.4.jar:/Users/mikeconway/.m2/repository/org/openrdf/sesame/sesame-sail-api/2.2.4/sesame-sail-api-2.2.4.jar:/Users/mikeconway/.m2/repository/org/openrdf/sesame/sesame-sail-inferencer/2.2.4/sesame-sail-inferencer-2.2.4.jar:/Users/mikeconway/.m2/repository/org/openrdf/sesame/sesame-queryparser-api/2.2.4/sesame-queryparser-api-2.2.4.jar:/Users/mikeconway/.m2/repository/org/openrdf/sesame/sesame-queryparser-serql/2.2.4/sesame-queryparser-serql-2.2.4.jar:/Users/mikeconway/.m2/repository/org/openrdf/sesame/sesame-rio-api/2.2.4/sesame-rio-api-2.2.4.jar:/Users/mikeconway/.m2/repository/info/aduna/commons/aduna-commons-text/2.2/aduna-commons-text-2.2.jar:/Users/mikeconway/.m2/repository/org/openrdf/sesame/sesame-queryalgebra-evaluation/2.2.4/sesame-queryalgebra-evaluation-2.2.4.jar:/Users/mikeconway/.m2/repository/info/aduna/commons/aduna-commons-collections/2.3/aduna-commons-collections-2.3.jar:/Users/mikeconway/.m2/repository/org/openrdf/sesame/sesame-queryalgebra-model/2.2.4/sesame-queryalgebra-model-2.2.4.jar:/Users/mikeconway/.m2/repository/org/openrdf/sesame/sesame-query/2.2.4/sesame-query-2.2.4.jar:/Users/mikeconway/.m2/repository/org/openrdf/sesame/sesame-model/2.2.4/sesame-model-2.2.4.jar:/Users/mikeconway/.m2/repository/info/aduna/commons/aduna-commons-i18n/1.0/aduna-commons-i18n-1.0.jar:/Users/mikeconway/.m2/repository/info/aduna/commons/aduna-commons-iteration/2.3/aduna-commons-iteration-2.3.jar:/Users/mikeconway/.m2/repository/info/aduna/commons/aduna-commons-concurrent/2.2/aduna-commons-concurrent-2.2.jar:/Users/mikeconway/.m2/repository/info/aduna/commons/aduna-commons-io/2.4/aduna-commons-io-2.4.jar:/Users/mikeconway/.m2/repository/org/openrdf/elmo/elmo-sesame/1.5/elmo-sesame-1.5.jar:/Users/mikeconway/.m2/repository/org/openrdf/elmo/elmo-repository/1.5/elmo-repository-1.5.jar:/Users/mikeconway/.m2/repository/org/openrdf/sesame/sesame-repository-api/2.2.4/sesame-repository-api-2.2.4.jar:/Users/mikeconway/.m2/repository/org/openrdf/sesame/sesame-repository-event/2.2.4/sesame-repository-event-2.2.4.jar:/Users/mikeconway/.m2/repository/org/openrdf/sesame/sesame-repository-sail/2.2.4/sesame-repository-sail-2.2.4.jar:/Users/mikeconway/.m2/repository/org/openrdf/sesame/sesame-repository-http/2.2.4/sesame-repository-http-2.2.4.jar:/Users/mikeconway/.m2/repository/org/openrdf/sesame/sesame-sail-memory/2.2.4/sesame-sail-memory-2.2.4.jar:/Users/mikeconway/.m2/repository/org/openrdf/sesame/sesame-rio-turtle/2.2.4/sesame-rio-turtle-2.2.4.jar:/Users/mikeconway/.m2/repository/org/openrdf/sesame/sesame-repository-manager/2.2.4/sesame-repository-manager-2.2.4.jar:/Users/mikeconway/.m2/repository/org/openrdf/sesame/sesame-http-client/2.2.4/sesame-http-client-2.2.4.jar:/Users/mikeconway/.m2/repository/commons-httpclient/commons-httpclient/3.1/commons-httpclient-3.1.jar:/Users/mikeconway/.m2/repository/org/slf4j/jcl104-over-slf4j/1.5.0/jcl104-over-slf4j-1.5.0.jar:/Users/mikeconway/.m2/repository/org/openrdf/sesame/sesame-http-protocol/2.2.4/sesame-http-protocol-2.2.4.jar:/Users/mikeconway/.m2/repository/org/openrdf/sesame/sesame-repository-contextaware/2.2.4/sesame-repository-contextaware-2.2.4.jar:/Users/mikeconway/.m2/repository/org/openrdf/sesame/sesame-queryparser-sparql/2.2.4/sesame-queryparser-sparql-2.2.4.jar:/Users/mikeconway/.m2/repository/info/aduna/commons/aduna-commons-net/2.2/aduna-commons-net-2.2.jar:/Users/mikeconway/.m2/repository/org/openrdf/sesame/sesame-runtime/2.2.4/sesame-runtime-2.2.4.jar:/Users/mikeconway/.m2/repository/org/openrdf/sesame/sesame-queryresultio-api/2.2.4/sesame-queryresultio-api-2.2.4.jar:/Users/mikeconway/.m2/repository/org/openrdf/sesame/sesame-queryresultio-binary/2.2.4/sesame-queryresultio-binary-2.2.4.jar:/Users/mikeconway/.m2/repository/org/openrdf/sesame/sesame-queryresultio-sparqljson/2.2.4/sesame-queryresultio-sparqljson-2.2.4.jar:/Users/mikeconway/.m2/repository/org/openrdf/sesame/sesame-queryresultio-sparqlxml/2.2.4/sesame-queryresultio-sparqlxml-2.2.4.jar:/Users/mikeconway/.m2/repository/org/openrdf/sesame/sesame-queryresultio-text/2.2.4/sesame-queryresultio-text-2.2.4.jar:/Users/mikeconway/.m2/repository/org/openrdf/sesame/sesame-repository-dataset/2.2.4/sesame-repository-dataset-2.2.4.jar:/Users/mikeconway/.m2/repository/org/openrdf/sesame/sesame-rio-ntriples/2.2.4/sesame-rio-ntriples-2.2.4.jar:/Users/mikeconway/.m2/repository/org/openrdf/sesame/sesame-rio-n3/2.2.4/sesame-rio-n3-2.2.4.jar:/Users/mikeconway/.m2/repository/org/openrdf/sesame/sesame-rio-trix/2.2.4/sesame-rio-trix-2.2.4.jar:/Users/mikeconway/.m2/repository/org/openrdf/sesame/sesame-rio-trig/2.2.4/sesame-rio-trig-2.2.4.jar:/Users/mikeconway/.m2/repository/org/openrdf/sesame/sesame-sail-rdbms/2.2.4/sesame-sail-rdbms-2.2.4.jar:/Users/mikeconway/.m2/repository/org/openrdf/sesame/sesame-rio-rdfxml/2.2.4/sesame-rio-rdfxml-2.2.4.jar:/Users/mikeconway/.m2/repository/info/aduna/commons/aduna-commons-xml/2.2/aduna-commons-xml-2.2.jar:/Users/mikeconway/.m2/repository/info/aduna/commons/aduna-commons-platform-info/2.2/aduna-commons-platform-info-2.2.jar:/Users/mikeconway/.m2/repository/info/aduna/commons/aduna-commons-lang/2.2/aduna-commons-lang-2.2.jar:/Users/mikeconway/.m2/repository/javax/persistence/persistence-api/1.0.2/persistence-api-1.0.2.jar:/Users/mikeconway/.m2/repository/commons-cli/commons-cli/1.2/commons-cli-1.2.jar:/Users/mikeconway/.m2/repository/commons-collections/commons-collections/3.2.1/commons-collections-3.2.1.jar:/Users/mikeconway/.m2/repository/commons-configuration/commons-configuration/1.6/commons-configuration-1.6.jar:/Users/mikeconway/.m2/repository/commons-digester/commons-digester/1.8/commons-digester-1.8.jar:/Users/mikeconway/.m2/repository/commons-beanutils/commons-beanutils/1.7.0/commons-beanutils-1.7.0.jar:/Users/mikeconway/.m2/repository/commons-beanutils/commons-beanutils-core/1.8.0/commons-beanutils-core-1.8.0.jar:/Users/mikeconway/.m2/repository/commons-dbcp/commons-dbcp/1.4/commons-dbcp-1.4.jar:/Users/mikeconway/.m2/repository/commons-fileupload/commons-fileupload/1.2/commons-fileupload-1.2.jar:/Users/mikeconway/.m2/repository/commons-lang/commons-lang/2.5/commons-lang-2.5.jar:/Users/mikeconway/.m2/repository/commons-pool/commons-pool/1.5.5/commons-pool-1.5.5.jar:/Users/mikeconway/.m2/repository/com/googlecode/java-diff-utils/diffutils/1.2.1/diffutils-1.2.1.jar:/Users/mikeconway/.m2/repository/org/openrdf/elmo/elmo-core/1.5/elmo-core-1.5.jar:/Users/mikeconway/.m2/repository/org/openrdf/elmo/elmo-api/1.5/elmo-api-1.5.jar:/Users/mikeconway/.m2/repository/jboss/javassist/3.7.ga/javassist-3.7.ga.jar:/Users/mikeconway/.m2/repository/org/openrdf/elmo/elmo-dc/1.5/elmo-dc-1.5.jar:/Users/mikeconway/.m2/repository/org/openrdf/elmo/elmo-foaf/1.5/elmo-foaf-1.5.jar:/Users/mikeconway/.m2/repository/org/openrdf/elmo/elmo-rdfs/1.5/elmo-rdfs-1.5.jar:/Users/mikeconway/.m2/repository/org/openrdf/elmo/elmo-skos/1.5/elmo-skos-1.5.jar:/Users/mikeconway/.m2/repository/org/openrdf/elmo/elmo-owl/1.5/elmo-owl-1.5.jar:/Users/mikeconway/.m2/repository/com/h2database/h2/1.3.150/h2-1.3.150.jar:/Users/mikeconway/.m2/repository/com/aliasi/lingpipe/3.8.2/lingpipe-3.8.2.jar:/Users/mikeconway/.m2/repository/com/ibm/icu/icu4j/3.4.4/icu4j-3.4.4.jar:/Users/mikeconway/.m2/repository/javassist/javassist/3.7.1.GA/javassist-3.7.1.GA.jar:/Users/mikeconway/.m2/repository/org/apache/lucene/lucene-analyzers/2.4.1/lucene-analyzers-2.4.1.jar:/Users/mikeconway/.m2/repository/org/apache/lucene/lucene-core/2.4.1/lucene-core-2.4.1.jar:/Users/mikeconway/.m2/repository/org/apache/lucene/lucene-spellchecker/2.4.1/lucene-spellchecker-2.4.1.jar:/Users/mikeconway/.m2/repository/marc4j/marc4j/2.3.1/marc4j-2.3.1.jar:/Users/mikeconway/.m2/repository/maui/maui/1.2/maui-1.2.jar:/Users/mikeconway/.m2/repository/mysql/mysql-connector-java/5.1.18/mysql-connector-java-5.1.18.jar:/Users/mikeconway/.m2/repository/org/quartz-scheduler/quartz/2.0.1/quartz-2.0.1.jar:/Users/mikeconway/.m2/repository/javax/transaction/jta/1.1/jta-1.1.jar:/Users/mikeconway/.m2/repository/c3p0/c3p0/0.9.1.1/c3p0-0.9.1.1.jar:/Users/mikeconway/.m2/repository/net/sf/trove4j/trove4j/3.0.3/trove4j-3.0.3.jar:/Users/mikeconway/.m2/repository/nz/ac/waikato/cms/weka/weka-stable/3.6.8/weka-stable-3.6.8.jar:/Users/mikeconway/.m2/repository/net/sf/squirrel-sql/thirdparty-non-maven/java-cup/0.11a/java-cup-0.11a.jar:/Users/mikeconway/.m2/repository/wikipedia/wikipedia-miner/1.2.0/wikipedia-miner-1.2.0.jar:/Users/mikeconway/.m2/repository/org/apache/httpcomponents/httpclient/4.1.1/httpclient-4.1.1.jar:/Users/mikeconway/.m2/repository/org/apache/httpcomponents/httpcore/4.1/httpcore-4.1.jar:/Users/mikeconway/.m2/repository/org/apache/poi/poi/3.7/poi-3.7.jar:/Users/mikeconway/.m2/repository/com/google/gwt/gwt-user/2.4.0/gwt-user-2.4.0.jar:/Users/mikeconway/.m2/repository/javax/validation/validation-api/1.0.0.GA/validation-api-1.0.0.GA.jar:/Users/mikeconway/.m2/repository/javax/validation/validation-api/1.0.0.GA/validation-api-1.0.0.GA-sources.jar:"/>
    <property name="java.specification.name" value="Java Platform API Specification"/>
    <property name="java.class.version" value="50.0"/>
    <property name="sun.management.compiler" value="HotSpot 64-Bit Tiered Compilers"/>
    <property name="os.version" value="10.8.2"/>
    <property name="http.nonProxyHosts" value="local|*.local|169.254/16|*.169.254/16"/>
    <property name="user.home" value="/Users/mikeconway"/>
    <property name="user.timezone" value="America/New_York"/>
    <property name="java.awt.printerjob" value="apple.awt.CPrinterJob"/>
    <property name="java.specification.version" value="1.6"/>
    <property name="file.encoding" value="MacRoman"/>
    <property name="user.name" value="mikeconway"/>
    <property name="java.class.path" value="/Users/mikeconway/projects/hive/irodshive/hive-master/jargon-hive-irods/target/test-classes:/Users/mikeconway/projects/hive/irodshive/hive-master/jargon-hive-irods/target/classes:/Users/mikeconway/.m2/repository/junit/junit/4.8.2/junit-4.8.2.jar:/Users/mikeconway/.m2/repository/org/irods/jargon/jargon-core/3.3.2-SNAPSHOT/jargon-core-3.3.2-SNAPSHOT.jar:/Users/mikeconway/.m2/repository/commons-logging/commons-logging/1.1.1/commons-logging-1.1.1.jar:/Users/mikeconway/.m2/repository/commons-io/commons-io/1.3.1/commons-io-1.3.1.jar:/Users/mikeconway/.m2/repository/org/apache/commons/commons-exec/1.0.1/commons-exec-1.0.1.jar:/Users/mikeconway/.m2/repository/commons-codec/commons-codec/1.4/commons-codec-1.4.jar:/Users/mikeconway/.m2/repository/com/claymoresystems/puretls/1.1/puretls-1.1.jar:/Users/mikeconway/.m2/repository/org/globus/jglobus/cog-jglobus/1.8.0/cog-jglobus-1.8.0.jar:/Users/mikeconway/.m2/repository/org/slf4j/slf4j-api/1.5.10/slf4j-api-1.5.10.jar:/Users/mikeconway/.m2/repository/org/slf4j/slf4j-log4j12/1.5.10/slf4j-log4j12-1.5.10.jar:/Users/mikeconway/.m2/repository/org/perf4j/perf4j/0.9.13/perf4j-0.9.13.jar:/Users/mikeconway/.m2/repository/log4j/log4j/1.2.16/log4j-1.2.16.jar:/Users/mikeconway/.m2/repository/org/irods/jargon/jargon-user-tagging/3.3.2-SNAPSHOT/jargon-user-tagging-3.3.2-SNAPSHOT.jar:/Users/mikeconway/.m2/repository/org/irods/jargon/jargon-hive/1.0-SNAPSHOT/jargon-hive-1.0-SNAPSHOT.jar:/Users/mikeconway/.m2/repository/org/apache/tika/tika-core/0.7/tika-core-0.7.jar:/Users/mikeconway/.m2/repository/org/irods/jargon/jargon-data-utils/3.3.2-SNAPSHOT/jargon-data-utils-3.3.2-SNAPSHOT.jar:/Users/mikeconway/.m2/repository/org/irods/jargon/hive-core/1.0-SNAPSHOT/hive-core-1.0-SNAPSHOT.jar:/Users/mikeconway/.m2/repository/org/openrdf/sesame/sesame-sail-nativerdf/2.2.4/sesame-sail-nativerdf-2.2.4.jar:/Users/mikeconway/.m2/repository/org/openrdf/sesame/sesame-sail-api/2.2.4/sesame-sail-api-2.2.4.jar:/Users/mikeconway/.m2/repository/org/openrdf/sesame/sesame-sail-inferencer/2.2.4/sesame-sail-inferencer-2.2.4.jar:/Users/mikeconway/.m2/repository/org/openrdf/sesame/sesame-queryparser-api/2.2.4/sesame-queryparser-api-2.2.4.jar:/Users/mikeconway/.m2/repository/org/openrdf/sesame/sesame-queryparser-serql/2.2.4/sesame-queryparser-serql-2.2.4.jar:/Users/mikeconway/.m2/repository/org/openrdf/sesame/sesame-rio-api/2.2.4/sesame-rio-api-2.2.4.jar:/Users/mikeconway/.m2/repository/info/aduna/commons/aduna-commons-text/2.2/aduna-commons-text-2.2.jar:/Users/mikeconway/.m2/repository/org/openrdf/sesame/sesame-queryalgebra-evaluation/2.2.4/sesame-queryalgebra-evaluation-2.2.4.jar:/Users/mikeconway/.m2/repository/info/aduna/commons/aduna-commons-collections/2.3/aduna-commons-collections-2.3.jar:/Users/mikeconway/.m2/repository/org/openrdf/sesame/sesame-queryalgebra-model/2.2.4/sesame-queryalgebra-model-2.2.4.jar:/Users/mikeconway/.m2/repository/org/openrdf/sesame/sesame-query/2.2.4/sesame-query-2.2.4.jar:/Users/mikeconway/.m2/repository/org/openrdf/sesame/sesame-model/2.2.4/sesame-model-2.2.4.jar:/Users/mikeconway/.m2/repository/info/aduna/commons/aduna-commons-i18n/1.0/aduna-commons-i18n-1.0.jar:/Users/mikeconway/.m2/repository/info/aduna/commons/aduna-commons-iteration/2.3/aduna-commons-iteration-2.3.jar:/Users/mikeconway/.m2/repository/info/aduna/commons/aduna-commons-concurrent/2.2/aduna-commons-concurrent-2.2.jar:/Users/mikeconway/.m2/repository/info/aduna/commons/aduna-commons-io/2.4/aduna-commons-io-2.4.jar:/Users/mikeconway/.m2/repository/org/openrdf/elmo/elmo-sesame/1.5/elmo-sesame-1.5.jar:/Users/mikeconway/.m2/repository/org/openrdf/elmo/elmo-repository/1.5/elmo-repository-1.5.jar:/Users/mikeconway/.m2/repository/org/openrdf/sesame/sesame-repository-api/2.2.4/sesame-repository-api-2.2.4.jar:/Users/mikeconway/.m2/repository/org/openrdf/sesame/sesame-repository-event/2.2.4/sesame-repository-event-2.2.4.jar:/Users/mikeconway/.m2/repository/org/openrdf/sesame/sesame-repository-sail/2.2.4/sesame-repository-sail-2.2.4.jar:/Users/mikeconway/.m2/repository/org/openrdf/sesame/sesame-repository-http/2.2.4/sesame-repository-http-2.2.4.jar:/Users/mikeconway/.m2/repository/org/openrdf/sesame/sesame-sail-memory/2.2.4/sesame-sail-memory-2.2.4.jar:/Users/mikeconway/.m2/repository/org/openrdf/sesame/sesame-rio-turtle/2.2.4/sesame-rio-turtle-2.2.4.jar:/Users/mikeconway/.m2/repository/org/openrdf/sesame/sesame-repository-manager/2.2.4/sesame-repository-manager-2.2.4.jar:/Users/mikeconway/.m2/repository/org/openrdf/sesame/sesame-http-client/2.2.4/sesame-http-client-2.2.4.jar:/Users/mikeconway/.m2/repository/commons-httpclient/commons-httpclient/3.1/commons-httpclient-3.1.jar:/Users/mikeconway/.m2/repository/org/slf4j/jcl104-over-slf4j/1.5.0/jcl104-over-slf4j-1.5.0.jar:/Users/mikeconway/.m2/repository/org/openrdf/sesame/sesame-http-protocol/2.2.4/sesame-http-protocol-2.2.4.jar:/Users/mikeconway/.m2/repository/org/openrdf/sesame/sesame-repository-contextaware/2.2.4/sesame-repository-contextaware-2.2.4.jar:/Users/mikeconway/.m2/repository/org/openrdf/sesame/sesame-queryparser-sparql/2.2.4/sesame-queryparser-sparql-2.2.4.jar:/Users/mikeconway/.m2/repository/info/aduna/commons/aduna-commons-net/2.2/aduna-commons-net-2.2.jar:/Users/mikeconway/.m2/repository/org/openrdf/sesame/sesame-runtime/2.2.4/sesame-runtime-2.2.4.jar:/Users/mikeconway/.m2/repository/org/openrdf/sesame/sesame-queryresultio-api/2.2.4/sesame-queryresultio-api-2.2.4.jar:/Users/mikeconway/.m2/repository/org/openrdf/sesame/sesame-queryresultio-binary/2.2.4/sesame-queryresultio-binary-2.2.4.jar:/Users/mikeconway/.m2/repository/org/openrdf/sesame/sesame-queryresultio-sparqljson/2.2.4/sesame-queryresultio-sparqljson-2.2.4.jar:/Users/mikeconway/.m2/repository/org/openrdf/sesame/sesame-queryresultio-sparqlxml/2.2.4/sesame-queryresultio-sparqlxml-2.2.4.jar:/Users/mikeconway/.m2/repository/org/openrdf/sesame/sesame-queryresultio-text/2.2.4/sesame-queryresultio-text-2.2.4.jar:/Users/mikeconway/.m2/repository/org/openrdf/sesame/sesame-repository-dataset/2.2.4/sesame-repository-dataset-2.2.4.jar:/Users/mikeconway/.m2/repository/org/openrdf/sesame/sesame-rio-ntriples/2.2.4/sesame-rio-ntriples-2.2.4.jar:/Users/mikeconway/.m2/repository/org/openrdf/sesame/sesame-rio-n3/2.2.4/sesame-rio-n3-2.2.4.jar:/Users/mikeconway/.m2/repository/org/openrdf/sesame/sesame-rio-trix/2.2.4/sesame-rio-trix-2.2.4.jar:/Users/mikeconway/.m2/repository/org/openrdf/sesame/sesame-rio-trig/2.2.4/sesame-rio-trig-2.2.4.jar:/Users/mikeconway/.m2/repository/org/openrdf/sesame/sesame-sail-rdbms/2.2.4/sesame-sail-rdbms-2.2.4.jar:/Users/mikeconway/.m2/repository/org/openrdf/sesame/sesame-rio-rdfxml/2.2.4/sesame-rio-rdfxml-2.2.4.jar:/Users/mikeconway/.m2/repository/info/aduna/commons/aduna-commons-xml/2.2/aduna-commons-xml-2.2.jar:/Users/mikeconway/.m2/repository/info/aduna/commons/aduna-commons-platform-info/2.2/aduna-commons-platform-info-2.2.jar:/Users/mikeconway/.m2/repository/info/aduna/commons/aduna-commons-lang/2.2/aduna-commons-lang-2.2.jar:/Users/mikeconway/.m2/repository/javax/persistence/persistence-api/1.0.2/persistence-api-1.0.2.jar:/Users/mikeconway/.m2/repository/commons-cli/commons-cli/1.2/commons-cli-1.2.jar:/Users/mikeconway/.m2/repository/commons-collections/commons-collections/3.2.1/commons-collections-3.2.1.jar:/Users/mikeconway/.m2/repository/commons-configuration/commons-configuration/1.6/commons-configuration-1.6.jar:/Users/mikeconway/.m2/repository/commons-digester/commons-digester/1.8/commons-digester-1.8.jar:/Users/mikeconway/.m2/repository/commons-beanutils/commons-beanutils/1.7.0/commons-beanutils-1.7.0.jar:/Users/mikeconway/.m2/repository/commons-beanutils/commons-beanutils-core/1.8.0/commons-beanutils-core-1.8.0.jar:/Users/mikeconway/.m2/repository/commons-dbcp/commons-dbcp/1.4/commons-dbcp-1.4.jar:/Users/mikeconway/.m2/repository/commons-fileupload/commons-fileupload/1.2/commons-fileupload-1.2.jar:/Users/mikeconway/.m2/repository/commons-lang/commons-lang/2.5/commons-lang-2.5.jar:/Users/mikeconway/.m2/repository/commons-pool/commons-pool/1.5.5/commons-pool-1.5.5.jar:/Users/mikeconway/.m2/repository/com/googlecode/java-diff-utils/diffutils/1.2.1/diffutils-1.2.1.jar:/Users/mikeconway/.m2/repository/org/openrdf/elmo/elmo-core/1.5/elmo-core-1.5.jar:/Users/mikeconway/.m2/repository/org/openrdf/elmo/elmo-api/1.5/elmo-api-1.5.jar:/Users/mikeconway/.m2/repository/jboss/javassist/3.7.ga/javassist-3.7.ga.jar:/Users/mikeconway/.m2/repository/org/openrdf/elmo/elmo-dc/1.5/elmo-dc-1.5.jar:/Users/mikeconway/.m2/repository/org/openrdf/elmo/elmo-foaf/1.5/elmo-foaf-1.5.jar:/Users/mikeconway/.m2/repository/org/openrdf/elmo/elmo-rdfs/1.5/elmo-rdfs-1.5.jar:/Users/mikeconway/.m2/repository/org/openrdf/elmo/elmo-skos/1.5/elmo-skos-1.5.jar:/Users/mikeconway/.m2/repository/org/openrdf/elmo/elmo-owl/1.5/elmo-owl-1.5.jar:/Users/mikeconway/.m2/repository/com/h2database/h2/1.3.150/h2-1.3.150.jar:/Users/mikeconway/.m2/repository/com/aliasi/lingpipe/3.8.2/lingpipe-3.8.2.jar:/Users/mikeconway/.m2/repository/com/ibm/icu/icu4j/3.4.4/icu4j-3.4.4.jar:/Users/mikeconway/.m2/repository/javassist/javassist/3.7.1.GA/javassist-3.7.1.GA.jar:/Users/mikeconway/.m2/repository/org/apache/lucene/lucene-analyzers/2.4.1/lucene-analyzers-2.4.1.jar:/Users/mikeconway/.m2/repository/org/apache/lucene/lucene-core/2.4.1/lucene-core-2.4.1.jar:/Users/mikeconway/.m2/repository/org/apache/lucene/lucene-spellchecker/2.4.1/lucene-spellchecker-2.4.1.jar:/Users/mikeconway/.m2/repository/marc4j/marc4j/2.3.1/marc4j-2.3.1.jar:/Users/mikeconway/.m2/repository/maui/maui/1.2/maui-1.2.jar:/Users/mikeconway/.m2/repository/mysql/mysql-connector-java/5.1.18/mysql-connector-java-5.1.18.jar:/Users/mikeconway/.m2/repository/org/quartz-scheduler/quartz/2.0.1/quartz-2.0.1.jar:/Users/mikeconway/.m2/repository/javax/transaction/jta/1.1/jta-1.1.jar:/Users/mikeconway/.m2/repository/c3p0/c3p0/0.9.1.1/c3p0-0.9.1.1.jar:/Users/mikeconway/.m2/repository/net/sf/trove4j/trove4j/3.0.3/trove4j-3.0.3.jar:/Users/mikeconway/.m2/repository/nz/ac/waikato/cms/weka/weka-stable/3.6.8/weka-stable-3.6.8.jar:/Users/mikeconway/.m2/repository/net/sf/squirrel-sql/thirdparty-non-maven/java-cup/0.11a/java-cup-0.11a.jar:/Users/mikeconway/.m2/repository/wikipedia/wikipedia-miner/1.2.0/wikipedia-miner-1.2.0.jar:/Users/mikeconway/.m2/repository/org/apache/httpcomponents/httpclient/4.1.1/httpclient-4.1.1.jar:/Users/mikeconway/.m2/repository/org/apache/httpcomponents/httpcore/4.1/httpcore-4.1.jar:/Users/mikeconway/.m2/repository/org/apache/poi/poi/3.7/poi-3.7.jar:/Users/mikeconway/.m2/repository/com/google/gwt/gwt-user/2.4.0/gwt-user-2.4.0.jar:/Users/mikeconway/.m2/repository/javax/validation/validation-api/1.0.0.GA/validation-api-1.0.0.GA.jar:/Users/mikeconway/.m2/repository/javax/validation/validation-api/1.0.0.GA/validation-api-1.0.0.GA-sources.jar:"/>
    <property name="java.vm.specification.version" value="1.0"/>
    <property name="sun.arch.data.model" value="64"/>
    <property name="java.home" value="/System/Library/Java/JavaVirtualMachines/1.6.0.jdk/Contents/Home"/>
    <property name="sun.java.command" value="/var/folders/_f/hdswt3zx31nb6ztnx7zhqg1h0000gn/T/surefirebooter4222293778857457774.jar /var/folders/_f/hdswt3zx31nb6ztnx7zhqg1h0000gn/T/surefire5409626451247598734tmp /var/folders/_f/hdswt3zx31nb6ztnx7zhqg1h0000gn/T/surefire5694106919585013873tmp"/>
    <property name="java.specification.vendor" value="Sun Microsystems Inc."/>
    <property name="user.language" value="en"/>
    <property name="awt.toolkit" value="apple.awt.CToolkit"/>
    <property name="java.vm.info" value="mixed mode"/>
    <property name="java.version" value="1.6.0_37"/>
    <property name="java.ext.dirs" value="/Users/mikeconway/Library/Java/Extensions:/Library/Java/Extensions:/System/Library/Java/Extensions:/System/Library/Java/JavaVirtualMachines/1.6.0.jdk/Contents/Home/lib/ext"/>
    <property name="sun.boot.class.path" value="/System/Library/Java/JavaVirtualMachines/1.6.0.jdk/Contents/Classes/jsfd.jar:/System/Library/Java/JavaVirtualMachines/1.6.0.jdk/Contents/Classes/classes.jar:/System/Library/Frameworks/JavaVM.framework/Frameworks/JavaRuntimeSupport.framework/Resources/Java/JavaRuntimeSupport.jar:/System/Library/Java/JavaVirtualMachines/1.6.0.jdk/Contents/Classes/ui.jar:/System/Library/Java/JavaVirtualMachines/1.6.0.jdk/Contents/Classes/laf.jar:/System/Library/Java/JavaVirtualMachines/1.6.0.jdk/Contents/Classes/sunrsasign.jar:/System/Library/Java/JavaVirtualMachines/1.6.0.jdk/Contents/Classes/jsse.jar:/System/Library/Java/JavaVirtualMachines/1.6.0.jdk/Contents/Classes/jce.jar:/System/Library/Java/JavaVirtualMachines/1.6.0.jdk/Contents/Classes/charsets.jar"/>
    <property name="java.vendor" value="Apple Inc."/>
    <property name="localRepository" value="/Users/mikeconway/.m2/repository"/>
    <property name="file.separator" value="/"/>
    <property name="java.vendor.url.bug" value="http://bugreport.apple.com/"/>
    <property name="sun.cpu.endian" value="little"/>
    <property name="sun.io.unicode.encoding" value="UnicodeLittle"/>
    <property name="mrj.version" value="1070.1.6.0_37-434"/>
    <property name="socksNonProxyHosts" value="local|*.local|169.254/16|*.169.254/16"/>
    <property name="ftp.nonProxyHosts" value="local|*.local|169.254/16|*.169.254/16"/>
    <property name="sun.cpu.isalist" value=""/>
  </properties>
  <testcase time="0.665" classname="org.irods.jargon.hive.irods.IRODSHiveServiceImplTest" name="testSaveOrUpdateVocabularyTerm"/>
  <testcase time="0.153" classname="org.irods.jargon.hive.irods.IRODSHiveServiceImplTest" name="testSaveOrUpdateVocabularyTermCollectionModifyURI"/>
  <testcase time="0.033" classname="org.irods.jargon.hive.irods.IRODSHiveServiceImplTest" name="testSaveOrUpdateVocabularyTermMissingCollection"/>
  <testcase time="0.191" classname="org.irods.jargon.hive.irods.IRODSHiveServiceImplTest" name="testSaveOrUpdateVocabularyTermDataObject"/>
  <testcase time="0.375" classname="org.irods.jargon.hive.irods.IRODSHiveServiceImplTest" name="testSaveOrUpdateVocabularyTermDataObjectAsModify"/>
  <testcase time="0.121" classname="org.irods.jargon.hive.irods.IRODSHiveServiceImplTest" name="testSaveOrUpdateVocabularyTermDataObjectSayItsACollection"/>
  <testcase time="0.001" classname="org.irods.jargon.hive.irods.IRODSHiveServiceImplTest" name="testValidateHiveVocabularyEntry"/>
  <testcase time="0.001" classname="org.irods.jargon.hive.irods.IRODSHiveServiceImplTest" name="testValidateHiveVocabularyEntryNullEntry"/>
  <testcase time="0.001" classname="org.irods.jargon.hive.irods.IRODSHiveServiceImplTest" name="testValidateHiveVocabularyEntryNullVocab"/>
  <testcase time="0.001" classname="org.irods.jargon.hive.irods.IRODSHiveServiceImplTest" name="testValidateHiveVocabularyEntryBlankVocab"/>
  <testcase time="0.001" classname="org.irods.jargon.hive.irods.IRODSHiveServiceImplTest" name="testValidateHiveVocabularyEntryNullName"/>
  <testcase time="0.001" classname="org.irods.jargon.hive.irods.IRODSHiveServiceImplTest" name="testValidateHiveVocabularyEntryBlankName"/>
  <testcase time="0" classname="org.irods.jargon.hive.irods.IRODSHiveServiceImplTest" name="testValidateHiveVocabularyEntryNullDomain"/>
  <testcase time="0" classname="org.irods.jargon.hive.irods.IRODSHiveServiceImplTest" name="testValidateHiveVocabularyEntryNullLabel"/>
  <testcase time="0" classname="org.irods.jargon.hive.irods.IRODSHiveServiceImplTest" name="testValidateHiveVocabularyEntryBlankLabel"/>
  <testcase time="0.002" classname="org.irods.jargon.hive.irods.IRODSHiveServiceImplTest" name="testValidateHiveVocabularyEntryNullURI"/>
  <testcase time="0.001" classname="org.irods.jargon.hive.irods.IRODSHiveServiceImplTest" name="testValidateHiveVocabularyEntryBlankURI"/>
  <testcase time="0.188" classname="org.irods.jargon.hive.irods.IRODSHiveServiceImplTest" name="testListVocabularyTermsForIRODSAbsolutePathCollection"/>
  <testcase time="0.316" classname="org.irods.jargon.hive.irods.IRODSHiveServiceImplTest" name="testListVocabularyTermsForIRODSAbsolutePathDataObject"/>
  <testcase time="0.155" classname="org.irods.jargon.hive.irods.IRODSHiveServiceImplTest" name="testDeleteVocabularyTermCollection"/>
  <testcase time="0.234" classname="org.irods.jargon.hive.irods.IRODSHiveServiceImplTest" name="testDeleteVocabularyTermDataObject"/>
</testsuite>